TN:
SF:src/config/config.ts
FNF:0
FNH:0
DA:1,1
DA:2,1
DA:4,1
LF:3
LH:3
BRDA:6,0,0,1
BRDA:6,0,1,1
BRDA:7,1,0,1
BRDA:7,1,1,1
BRDA:8,2,0,1
BRDA:8,2,1,1
BRDA:9,3,0,1
BRDA:9,3,1,1
BRDA:13,4,0,1
BRDA:13,4,1,1
BRDA:14,5,0,1
BRDA:14,5,1,1
BRDA:27,6,0,1
BRDA:27,6,1,1
BRDA:28,7,0,1
BRDA:28,7,1,1
BRDA:44,8,0,1
BRDA:44,8,1,1
BRDA:45,9,0,1
BRDA:45,9,1,1
BRDA:46,10,0,1
BRDA:46,10,1,1
BRDA:49,11,0,1
BRDA:49,11,1,1
BRF:24
BRH:24
end_of_record
TN:
SF:src/controller/notification.controller.ts
FN:22,(anonymous_10)
FN:42,(anonymous_11)
FN:106,(anonymous_12)
FN:138,(anonymous_13)
FN:174,(anonymous_14)
FN:182,(anonymous_15)
FN:206,(anonymous_16)
FN:306,(anonymous_17)
FN:344,(anonymous_18)
FN:348,(anonymous_19)
FN:352,(anonymous_20)
FN:382,(anonymous_21)
FN:429,(anonymous_22)
FN:452,(anonymous_23)
FN:472,(anonymous_24)
FN:518,(anonymous_25)
FN:538,(anonymous_26)
FN:583,(anonymous_27)
FN:611,(anonymous_28)
FN:645,(anonymous_29)
FN:672,(anonymous_30)
FN:715,(anonymous_31)
FNF:22
FNH:0
FNDA:0,(anonymous_10)
FNDA:0,(anonymous_11)
FNDA:0,(anonymous_12)
FNDA:0,(anonymous_13)
FNDA:0,(anonymous_14)
FNDA:0,(anonymous_15)
FNDA:0,(anonymous_16)
FNDA:0,(anonymous_17)
FNDA:0,(anonymous_18)
FNDA:0,(anonymous_19)
FNDA:0,(anonymous_20)
FNDA:0,(anonymous_21)
FNDA:0,(anonymous_22)
FNDA:0,(anonymous_23)
FNDA:0,(anonymous_24)
FNDA:0,(anonymous_25)
FNDA:0,(anonymous_26)
FNDA:0,(anonymous_27)
FNDA:0,(anonymous_28)
FNDA:0,(anonymous_29)
FNDA:0,(anonymous_30)
FNDA:0,(anonymous_31)
DA:2,1
DA:3,1
DA:5,1
DA:6,1
DA:7,1
DA:8,1
DA:21,1
DA:23,0
DA:26,0
DA:27,0
DA:31,0
DA:32,0
DA:36,0
DA:37,0
DA:40,0
DA:43,0
DA:46,0
DA:50,0
DA:51,0
DA:56,0
DA:57,0
DA:58,0
DA:59,0
DA:61,0
DA:62,0
DA:66,0
DA:67,0
DA:76,0
DA:78,0
DA:85,0
DA:90,0
DA:95,0
DA:105,1
DA:107,0
DA:109,0
DA:110,0
DA:115,0
DA:116,0
DA:120,0
DA:121,0
DA:122,0
DA:130,0
DA:131,0
DA:135,0
DA:136,0
DA:138,0
DA:139,0
DA:141,0
DA:147,0
DA:159,0
DA:163,0
DA:173,1
DA:175,0
DA:177,0
DA:178,0
DA:181,0
DA:182,0
DA:183,0
DA:186,0
DA:191,0
DA:195,0
DA:205,1
DA:207,0
DA:208,0
DA:211,0
DA:212,0
DA:216,0
DA:217,0
DA:224,0
DA:225,0
DA:226,0
DA:228,0
DA:229,0
DA:235,0
DA:236,0
DA:242,0
DA:243,0
DA:244,0
DA:246,0
DA:247,0
DA:253,0
DA:254,0
DA:261,0
DA:262,0
DA:263,0
DA:265,0
DA:266,0
DA:271,0
DA:272,0
DA:277,0
DA:278,0
DA:281,0
DA:286,0
DA:291,0
DA:295,0
DA:305,1
DA:307,0
DA:308,0
DA:311,0
DA:312,0
DA:314,0
DA:315,0
DA:318,0
DA:319,0
DA:323,0
DA:324,0
DA:328,0
DA:332,0
DA:335,0
DA:336,0
DA:343,0
DA:344,0
DA:347,0
DA:348,0
DA:351,0
DA:352,0
DA:355,0
DA:367,0
DA:371,0
DA:381,1
DA:383,0
DA:389,0
DA:390,0
DA:391,0
DA:392,0
DA:396,0
DA:397,0
DA:398,0
DA:399,0
DA:403,0
DA:404,0
DA:407,0
DA:408,0
DA:410,0
DA:415,0
DA:418,0
DA:428,1
DA:430,0
DA:431,0
DA:433,0
DA:438,0
DA:441,0
DA:451,1
DA:453,0
DA:456,0
DA:457,0
DA:463,0
DA:464,0
DA:468,0
DA:469,0
DA:472,0
DA:473,0
DA:477,0
DA:478,0
DA:481,0
DA:482,0
DA:492,0
DA:499,0
DA:504,0
DA:507,0
DA:517,1
DA:519,0
DA:520,0
DA:522,0
DA:523,0
DA:527,0
DA:528,0
DA:532,0
DA:533,0
DA:534,0
DA:537,0
DA:539,0
DA:542,0
DA:547,0
DA:548,0
DA:551,0
DA:552,0
DA:554,0
DA:555,0
DA:558,0
DA:563,0
DA:568,0
DA:572,0
DA:582,1
DA:584,0
DA:585,0
DA:586,0
DA:588,0
DA:597,0
DA:600,0
DA:610,1
DA:612,0
DA:614,0
DA:615,0
DA:616,0
DA:619,0
DA:620,0
DA:622,0
DA:624,0
DA:631,0
DA:634,0
DA:644,1
DA:646,0
DA:647,0
DA:649,0
DA:651,0
DA:656,0
DA:659,0
DA:671,1
DA:673,0
DA:674,0
DA:676,0
DA:677,0
DA:685,0
DA:686,0
DA:694,0
DA:699,0
DA:704,0
DA:714,1
DA:716,0
DA:717,0
DA:719,0
DA:720,0
DA:728,0
DA:729,0
DA:736,0
DA:741,0
DA:746,0
LF:228
LH:20
BRDA:26,0,0,0
BRDA:26,1,0,0
BRDA:26,1,1,0
BRDA:26,1,2,0
BRDA:31,2,0,0
BRDA:36,3,0,0
BRDA:36,4,0,0
BRDA:36,4,1,0
BRDA:40,5,0,0
BRDA:41,6,0,0
BRDA:41,6,1,0
BRDA:50,7,0,0
BRDA:50,8,0,0
BRDA:50,8,1,0
BRDA:56,9,0,0
BRDA:58,10,0,0
BRDA:61,11,0,0
BRDA:70,12,0,0
BRDA:70,12,1,0
BRDA:72,13,0,0
BRDA:72,13,1,0
BRDA:93,14,0,0
BRDA:93,14,1,0
BRDA:109,15,0,0
BRDA:109,16,0,0
BRDA:109,16,1,0
BRDA:115,17,0,0
BRDA:121,18,0,0
BRDA:121,19,0,0
BRDA:121,19,1,0
BRDA:121,19,2,0
BRDA:130,20,0,0
BRDA:161,21,0,0
BRDA:161,21,1,0
BRDA:181,22,0,0
BRDA:193,23,0,0
BRDA:193,23,1,0
BRDA:211,24,0,0
BRDA:211,25,0,0
BRDA:211,25,1,0
BRDA:216,26,0,0
BRDA:225,27,0,0
BRDA:228,28,0,0
BRDA:235,29,0,0
BRDA:243,30,0,0
BRDA:246,31,0,0
BRDA:253,32,0,0
BRDA:262,33,0,0
BRDA:265,34,0,0
BRDA:277,35,0,0
BRDA:293,36,0,0
BRDA:293,36,1,0
BRDA:308,37,0,0
BRDA:308,38,0,0
BRDA:314,39,0,0
BRDA:314,40,0,0
BRDA:314,40,1,0
BRDA:314,40,2,0
BRDA:318,41,0,0
BRDA:318,42,0,0
BRDA:318,42,1,0
BRDA:323,43,0,0
BRDA:323,44,0,0
BRDA:323,44,1,0
BRDA:328,45,0,0
BRDA:329,46,0,0
BRDA:329,46,1,0
BRDA:343,47,0,0
BRDA:347,48,0,0
BRDA:351,49,0,0
BRDA:369,50,0,0
BRDA:369,50,1,0
BRDA:389,51,0,0
BRDA:391,52,0,0
BRDA:396,53,0,0
BRDA:398,54,0,0
BRDA:403,55,0,0
BRDA:403,56,0,0
BRDA:403,56,1,0
BRDA:403,56,2,0
BRDA:416,57,0,0
BRDA:416,57,1,0
BRDA:439,58,0,0
BRDA:439,58,1,0
BRDA:456,59,0,0
BRDA:456,60,0,0
BRDA:456,60,1,0
BRDA:456,60,2,0
BRDA:456,60,3,0
BRDA:456,60,4,0
BRDA:463,61,0,0
BRDA:468,62,0,0
BRDA:468,63,0,0
BRDA:468,63,1,0
BRDA:472,64,0,0
BRDA:477,65,0,0
BRDA:477,66,0,0
BRDA:477,66,1,0
BRDA:488,67,0,0
BRDA:488,67,1,0
BRDA:489,68,0,0
BRDA:489,68,1,0
BRDA:505,69,0,0
BRDA:505,69,1,0
BRDA:522,70,0,0
BRDA:527,71,0,0
BRDA:527,72,0,0
BRDA:527,72,1,0
BRDA:532,73,0,0
BRDA:533,74,0,0
BRDA:533,75,0,0
BRDA:533,75,1,0
BRDA:537,76,0,0
BRDA:547,77,0,0
BRDA:547,78,0,0
BRDA:547,78,1,0
BRDA:554,79,0,0
BRDA:570,80,0,0
BRDA:570,80,1,0
BRDA:598,81,0,0
BRDA:598,81,1,0
BRDA:612,82,0,0
BRDA:615,83,0,0
BRDA:615,84,0,0
BRDA:615,84,1,0
BRDA:615,84,2,0
BRDA:632,85,0,0
BRDA:632,85,1,0
BRDA:657,86,0,0
BRDA:657,86,1,0
BRDA:676,87,0,0
BRDA:676,88,0,0
BRDA:676,88,1,0
BRDA:676,88,2,0
BRDA:676,88,3,0
BRDA:676,88,4,0
BRDA:702,89,0,0
BRDA:702,89,1,0
BRDA:719,90,0,0
BRDA:719,91,0,0
BRDA:719,91,1,0
BRDA:719,91,2,0
BRDA:719,91,3,0
BRDA:744,92,0,0
BRDA:744,92,1,0
BRF:145
BRH:0
end_of_record
TN:
SF:src/guard/protect.guard.ts
FN:14,(anonymous_1)
FNF:1
FNH:0
FNDA:0,(anonymous_1)
DA:2,1
DA:3,1
DA:4,1
DA:5,1
DA:13,1
DA:17,0
DA:19,0
DA:20,0
DA:22,0
DA:26,0
DA:27,0
DA:30,0
DA:32,0
DA:37,0
DA:38,0
DA:39,0
DA:40,0
DA:41,0
DA:43,0
DA:46,0
DA:54,0
LF:21
LH:5
BRDA:17,0,0,0
BRDA:17,0,1,0
BRDA:17,1,0,0
BRDA:17,1,1,0
BRDA:20,2,0,0
BRDA:26,3,0,0
BRDA:37,4,0,0
BRDA:37,4,1,0
BRDA:37,5,0,0
BRDA:37,5,1,0
BRDA:39,6,0,0
BRDA:39,6,1,0
BRF:12
BRH:0
end_of_record
TN:
SF:src/middleware/async.middleware.ts
FN:8,(anonymous_0)
FN:11,(anonymous_1)
FN:12,(anonymous_2)
FNF:3
FNH:1
FNDA:15,(anonymous_0)
FNDA:0,(anonymous_1)
FNDA:0,(anonymous_2)
DA:8,1
DA:11,15
DA:12,0
LF:3
LH:2
BRF:0
BRH:0
end_of_record
TN:
SF:src/middleware/role.middleware.ts
FN:11,(anonymous_1)
FN:75,(anonymous_2)
FN:135,(anonymous_3)
FN:136,(anonymous_4)
FNF:4
FNH:0
FNDA:0,(anonymous_1)
FNDA:0,(anonymous_2)
FNDA:0,(anonymous_3)
FNDA:0,(anonymous_4)
DA:3,1
DA:4,1
DA:5,1
DA:11,1
DA:16,0
DA:17,0
DA:19,0
DA:20,0
DA:24,0
DA:26,0
DA:27,0
DA:33,0
DA:39,0
DA:42,0
DA:46,0
DA:47,0
DA:52,0
DA:55,0
DA:61,0
DA:63,0
DA:67,0
DA:75,1
DA:80,0
DA:81,0
DA:83,0
DA:84,0
DA:88,0
DA:90,0
DA:91,0
DA:95,0
DA:101,0
DA:104,0
DA:106,0
DA:107,0
DA:112,0
DA:115,0
DA:121,0
DA:123,0
DA:127,0
DA:135,1
DA:136,0
DA:137,0
DA:138,0
DA:140,0
DA:141,0
DA:145,0
DA:147,0
DA:148,0
DA:153,0
DA:155,0
DA:156,0
DA:159,0
DA:164,0
DA:165,0
DA:168,0
DA:169,0
DA:176,0
DA:184,0
DA:192,0
DA:194,0
DA:196,0
DA:201,0
LF:62
LH:6
BRDA:19,0,0,0
BRDA:26,1,0,0
BRDA:42,2,0,0
BRDA:42,2,1,0
BRDA:42,2,2,0
BRDA:46,3,0,0
BRDA:64,4,0,0
BRDA:64,4,1,0
BRDA:83,5,0,0
BRDA:90,6,0,0
BRDA:104,7,0,0
BRDA:104,7,1,0
BRDA:106,8,0,0
BRDA:124,9,0,0
BRDA:124,9,1,0
BRDA:140,10,0,0
BRDA:147,11,0,0
BRDA:155,12,0,0
BRDA:164,13,0,0
BRDA:168,14,0,0
BRDA:197,15,0,0
BRDA:197,15,1,0
BRF:22
BRH:0
end_of_record
TN:
SF:src/model/notification.model.ts
FN:22,(anonymous_1)
FN:27,(anonymous_2)
FN:58,(anonymous_3)
FN:59,(anonymous_4)
FN:62,(anonymous_5)
FN:66,(anonymous_6)
FN:79,(anonymous_7)
FN:93,(anonymous_8)
FN:94,(anonymous_9)
FN:97,(anonymous_10)
FN:103,(anonymous_11)
FN:111,(anonymous_12)
FN:115,(anonymous_13)
FN:119,(anonymous_14)
FN:132,(anonymous_15)
FN:146,(anonymous_16)
FN:147,(anonymous_17)
FN:150,(anonymous_18)
FN:156,(anonymous_19)
FN:157,(anonymous_20)
FN:161,(anonymous_21)
FN:165,(anonymous_22)
FN:178,(anonymous_23)
FN:189,(anonymous_24)
FN:190,(anonymous_25)
FN:193,(anonymous_26)
FN:194,(anonymous_27)
FN:202,(anonymous_28)
FN:210,(anonymous_29)
FN:220,(anonymous_30)
FN:223,(anonymous_31)
FN:230,(anonymous_32)
FN:234,(anonymous_33)
FN:248,(anonymous_34)
FN:267,(anonymous_35)
FN:268,(anonymous_36)
FN:271,(anonymous_37)
FN:273,(anonymous_38)
FN:279,(anonymous_39)
FN:280,(anonymous_40)
FN:283,(anonymous_41)
FN:285,(anonymous_42)
FN:291,(anonymous_43)
FN:294,(anonymous_44)
FN:306,(anonymous_45)
FN:307,(anonymous_46)
FN:311,(anonymous_47)
FN:388,(anonymous_48)
FN:400,(anonymous_49)
FN:402,(anonymous_50)
FN:406,(anonymous_51)
FN:409,(anonymous_52)
FNF:52
FNH:4
FNDA:1,(anonymous_1)
FNDA:0,(anonymous_2)
FNDA:0,(anonymous_3)
FNDA:0,(anonymous_4)
FNDA:0,(anonymous_5)
FNDA:0,(anonymous_6)
FNDA:0,(anonymous_7)
FNDA:0,(anonymous_8)
FNDA:0,(anonymous_9)
FNDA:0,(anonymous_10)
FNDA:0,(anonymous_11)
FNDA:0,(anonymous_12)
FNDA:0,(anonymous_13)
FNDA:0,(anonymous_14)
FNDA:0,(anonymous_15)
FNDA:0,(anonymous_16)
FNDA:0,(anonymous_17)
FNDA:0,(anonymous_18)
FNDA:0,(anonymous_19)
FNDA:0,(anonymous_20)
FNDA:0,(anonymous_21)
FNDA:0,(anonymous_22)
FNDA:0,(anonymous_23)
FNDA:0,(anonymous_24)
FNDA:0,(anonymous_25)
FNDA:0,(anonymous_26)
FNDA:0,(anonymous_27)
FNDA:0,(anonymous_28)
FNDA:0,(anonymous_29)
FNDA:0,(anonymous_30)
FNDA:0,(anonymous_31)
FNDA:0,(anonymous_32)
FNDA:0,(anonymous_33)
FNDA:0,(anonymous_34)
FNDA:0,(anonymous_35)
FNDA:0,(anonymous_36)
FNDA:0,(anonymous_37)
FNDA:0,(anonymous_38)
FNDA:0,(anonymous_39)
FNDA:0,(anonymous_40)
FNDA:0,(anonymous_41)
FNDA:0,(anonymous_42)
FNDA:0,(anonymous_43)
FNDA:0,(anonymous_44)
FNDA:0,(anonymous_45)
FNDA:0,(anonymous_46)
FNDA:1,(anonymous_47)
FNDA:4,(anonymous_48)
FNDA:1,(anonymous_49)
FNDA:0,(anonymous_50)
FNDA:0,(anonymous_51)
FNDA:0,(anonymous_52)
DA:1,1
DA:2,1
DA:16,1
DA:17,1
DA:18,1
DA:19,1
DA:23,1
DA:28,0
DA:54,0
DA:55,0
DA:59,0
DA:66,0
DA:67,0
DA:69,0
DA:75,0
DA:82,0
DA:89,0
DA:90,0
DA:94,0
DA:101,0
DA:104,0
DA:112,0
DA:119,0
DA:120,0
DA:122,0
DA:128,0
DA:135,0
DA:142,0
DA:143,0
DA:147,0
DA:155,0
DA:156,0
DA:157,0
DA:165,0
DA:166,0
DA:168,0
DA:174,0
DA:179,0
DA:185,0
DA:186,0
DA:190,0
DA:194,0
DA:195,0
DA:197,0
DA:198,0
DA:207,0
DA:209,0
DA:210,0
DA:211,0
DA:212,0
DA:213,0
DA:214,0
DA:218,0
DA:219,0
DA:220,0
DA:222,0
DA:223,0
DA:226,0
DA:229,0
DA:230,0
DA:233,0
DA:235,0
DA:240,0
DA:247,0
DA:248,0
DA:249,0
DA:253,0
DA:255,0
DA:268,0
DA:269,0
DA:270,0
DA:271,0
DA:273,0
DA:274,0
DA:276,0
DA:280,0
DA:281,0
DA:282,0
DA:283,0
DA:285,0
DA:286,0
DA:288,0
DA:292,0
DA:294,0
DA:295,0
DA:296,0
DA:298,0
DA:299,0
DA:300,0
DA:302,0
DA:305,0
DA:306,0
DA:307,0
DA:312,1
DA:388,1
DA:389,4
DA:395,4
DA:401,1
DA:403,0
DA:406,0
DA:409,0
DA:416,1
DA:419,1
LF:103
LH:14
BRDA:59,0,0,0
BRDA:59,0,1,0
BRDA:67,1,0,0
BRDA:94,2,0,0
BRDA:94,2,1,0
BRDA:102,3,0,0
BRDA:102,3,1,0
BRDA:104,4,0,0
BRDA:104,4,1,0
BRDA:104,4,2,0
BRDA:120,5,0,0
BRDA:147,6,0,0
BRDA:147,6,1,0
BRDA:152,7,0,0
BRDA:153,8,0,0
BRDA:166,9,0,0
BRDA:190,10,0,0
BRDA:190,10,1,0
BRDA:195,11,0,0
BRDA:209,12,0,0
BRDA:209,13,0,0
BRDA:209,13,1,0
BRDA:209,13,2,0
BRDA:211,14,0,0
BRDA:211,15,0,0
BRDA:211,15,1,0
BRDA:212,16,0,0
BRDA:212,17,0,0
BRDA:212,17,1,0
BRDA:213,18,0,0
BRDA:213,19,0,0
BRDA:213,19,1,0
BRDA:226,20,0,0
BRDA:226,20,1,0
BRDA:230,21,0,0
BRDA:230,21,1,0
BRDA:233,22,0,0
BRDA:233,22,1,0
BRDA:274,23,0,0
BRDA:274,23,1,0
BRDA:286,24,0,0
BRDA:286,24,1,0
BRDA:296,25,0,0
BRDA:296,25,1,0
BRDA:299,26,0,0
BRDA:300,27,0,0
BRF:46
BRH:0
end_of_record
TN:
SF:src/model/user.model.ts
FN:5,(anonymous_1)
FN:22,(anonymous_2)
FN:39,(anonymous_3)
FN:40,(anonymous_4)
FN:43,(anonymous_5)
FN:44,(anonymous_6)
FN:47,(anonymous_7)
FN:50,(anonymous_8)
FN:55,(anonymous_9)
FN:56,(anonymous_10)
FN:59,(anonymous_11)
FN:60,(anonymous_12)
FN:73,(anonymous_13)
FN:77,(anonymous_14)
FN:81,(anonymous_15)
FN:86,(anonymous_16)
FN:91,(anonymous_17)
FN:96,(anonymous_18)
FN:97,(anonymous_19)
FN:103,(anonymous_20)
FN:104,(anonymous_21)
FN:108,(anonymous_22)
FN:112,(anonymous_23)
FN:116,(anonymous_24)
FN:120,(anonymous_25)
FN:121,(anonymous_26)
FN:128,(anonymous_27)
FN:132,(anonymous_28)
FN:136,(anonymous_29)
FN:141,(anonymous_30)
FN:146,(anonymous_31)
FN:153,(anonymous_32)
FN:158,(anonymous_33)
FN:184,(anonymous_34)
FN:186,(anonymous_35)
FN:191,(anonymous_36)
FN:195,(anonymous_37)
FNF:37
FNH:2
FNDA:1,(anonymous_1)
FNDA:0,(anonymous_2)
FNDA:0,(anonymous_3)
FNDA:0,(anonymous_4)
FNDA:0,(anonymous_5)
FNDA:0,(anonymous_6)
FNDA:0,(anonymous_7)
FNDA:0,(anonymous_8)
FNDA:0,(anonymous_9)
FNDA:0,(anonymous_10)
FNDA:0,(anonymous_11)
FNDA:0,(anonymous_12)
FNDA:0,(anonymous_13)
FNDA:0,(anonymous_14)
FNDA:0,(anonymous_15)
FNDA:0,(anonymous_16)
FNDA:0,(anonymous_17)
FNDA:0,(anonymous_18)
FNDA:0,(anonymous_19)
FNDA:0,(anonymous_20)
FNDA:0,(anonymous_21)
FNDA:0,(anonymous_22)
FNDA:0,(anonymous_23)
FNDA:0,(anonymous_24)
FNDA:0,(anonymous_25)
FNDA:0,(anonymous_26)
FNDA:0,(anonymous_27)
FNDA:0,(anonymous_28)
FNDA:0,(anonymous_29)
FNDA:0,(anonymous_30)
FNDA:0,(anonymous_31)
FNDA:0,(anonymous_32)
FNDA:0,(anonymous_33)
FNDA:1,(anonymous_34)
FNDA:0,(anonymous_35)
FNDA:0,(anonymous_36)
FNDA:0,(anonymous_37)
DA:2,1
DA:6,1
DA:7,1
DA:12,1
DA:17,1
DA:18,1
DA:19,1
DA:23,0
DA:35,0
DA:36,0
DA:40,0
DA:44,0
DA:48,0
DA:50,0
DA:56,0
DA:60,0
DA:61,0
DA:63,0
DA:69,0
DA:74,0
DA:80,0
DA:81,0
DA:89,0
DA:91,0
DA:97,0
DA:98,0
DA:99,0
DA:104,0
DA:109,0
DA:115,0
DA:116,0
DA:121,0
DA:122,0
DA:123,0
DA:129,0
DA:133,0
DA:137,0
DA:142,0
DA:145,0
DA:147,0
DA:154,0
DA:163,0
DA:164,0
DA:166,0
DA:168,0
DA:172,0
DA:175,0
DA:176,0
DA:179,0
DA:180,0
DA:185,1
DA:187,0
DA:190,0
DA:191,0
DA:195,0
DA:198,0
DA:199,0
DA:200,0
DA:201,0
DA:210,1
DA:213,1
LF:61
LH:10
BRDA:25,0,0,0
BRDA:25,0,1,0
BRDA:27,1,0,0
BRDA:27,1,1,0
BRDA:40,2,0,0
BRDA:40,2,1,0
BRDA:44,3,0,0
BRDA:44,3,1,0
BRDA:49,4,0,0
BRDA:49,4,1,0
BRDA:50,5,0,0
BRDA:50,5,1,0
BRDA:56,6,0,0
BRDA:56,6,1,0
BRDA:61,7,0,0
BRDA:81,8,0,0
BRDA:81,8,1,0
BRDA:81,9,0,0
BRDA:81,9,1,0
BRDA:90,10,0,0
BRDA:90,10,1,0
BRDA:91,11,0,0
BRDA:91,11,1,0
BRDA:98,12,0,0
BRDA:116,13,0,0
BRDA:116,13,1,0
BRDA:116,14,0,0
BRDA:116,14,1,0
BRDA:122,15,0,0
BRDA:133,16,0,0
BRDA:133,16,1,0
BRDA:166,17,0,0
BRDA:166,18,0,0
BRDA:166,18,1,0
BRDA:175,19,0,0
BRDA:200,20,0,0
BRF:36
BRH:0
end_of_record
TN:
SF:src/router/notification.router.ts
FNF:0
FNH:0
DA:1,1
DA:2,1
DA:3,1
DA:4,1
DA:21,1
DA:24,1
DA:25,1
DA:26,1
DA:27,1
DA:28,1
DA:31,1
DA:34,1
DA:35,1
DA:36,1
DA:39,1
DA:40,1
DA:41,1
DA:44,1
DA:45,1
DA:47,1
LF:20
LH:20
BRF:0
BRH:0
end_of_record
TN:
SF:src/services/cron.service.ts
FN:13,(anonymous_1)
FN:15,(anonymous_2)
FN:27,(anonymous_3)
FN:39,(anonymous_4)
FN:64,(anonymous_5)
FN:83,(anonymous_6)
FN:96,(anonymous_7)
FN:134,(anonymous_8)
FN:154,(anonymous_9)
FN:171,(anonymous_10)
FN:188,(anonymous_11)
FN:206,(anonymous_12)
FN:223,(anonymous_13)
FN:254,(anonymous_14)
FN:258,(anonymous_15)
FN:281,(anonymous_16)
FN:295,(anonymous_17)
FN:324,(anonymous_18)
FN:329,(anonymous_19)
FNF:19
FNH:0
FNDA:0,(anonymous_1)
FNDA:0,(anonymous_2)
FNDA:0,(anonymous_3)
FNDA:0,(anonymous_4)
FNDA:0,(anonymous_5)
FNDA:0,(anonymous_6)
FNDA:0,(anonymous_7)
FNDA:0,(anonymous_8)
FNDA:0,(anonymous_9)
FNDA:0,(anonymous_10)
FNDA:0,(anonymous_11)
FNDA:0,(anonymous_12)
FNDA:0,(anonymous_13)
FNDA:0,(anonymous_14)
FNDA:0,(anonymous_15)
FNDA:0,(anonymous_16)
FNDA:0,(anonymous_17)
FNDA:0,(anonymous_18)
FNDA:0,(anonymous_19)
DA:1,1
DA:2,1
DA:3,1
DA:5,1
DA:7,1
DA:8,1
DA:15,0
DA:16,0
DA:17,0
DA:18,0
DA:20,0
DA:27,0
DA:28,0
DA:29,0
DA:30,0
DA:32,0
DA:39,0
DA:40,0
DA:41,0
DA:42,0
DA:43,0
DA:45,0
DA:46,0
DA:48,0
DA:50,0
DA:57,0
DA:64,0
DA:65,0
DA:66,0
DA:67,0
DA:68,0
DA:73,0
DA:76,0
DA:83,0
DA:84,0
DA:87,0
DA:89,0
DA:96,0
DA:97,0
DA:98,0
DA:101,0
DA:102,0
DA:103,0
DA:113,0
DA:114,0
DA:119,0
DA:125,0
DA:135,0
DA:136,0
DA:140,0
DA:141,0
DA:143,0
DA:155,0
DA:156,0
DA:157,0
DA:158,0
DA:160,0
DA:172,0
DA:173,0
DA:174,0
DA:175,0
DA:177,0
DA:189,0
DA:190,0
DA:191,0
DA:192,0
DA:194,0
DA:200,0
DA:207,0
DA:209,0
DA:210,0
DA:217,0
DA:224,0
DA:225,0
DA:226,0
DA:227,0
DA:230,0
DA:232,0
DA:233,0
DA:234,0
DA:235,0
DA:236,0
DA:238,0
DA:239,0
DA:242,0
DA:246,0
DA:255,0
DA:259,0
DA:262,0
DA:270,0
DA:286,0
DA:289,0
DA:290,0
DA:291,0
DA:292,0
DA:293,0
DA:295,0
DA:296,0
DA:298,0
DA:304,0
DA:305,0
DA:306,0
DA:307,0
DA:310,0
DA:319,1
DA:320,0
DA:324,1
DA:325,0
DA:326,0
DA:329,1
DA:330,0
DA:331,0
LF:112
LH:9
BRDA:21,0,0,0
BRDA:21,0,1,0
BRDA:33,1,0,0
BRDA:33,1,1,0
BRDA:58,2,0,0
BRDA:58,2,1,0
BRDA:67,3,0,0
BRDA:77,4,0,0
BRDA:77,4,1,0
BRDA:90,5,0,0
BRDA:90,5,1,0
BRDA:102,6,0,0
BRDA:113,7,0,0
BRDA:120,8,0,0
BRDA:120,8,1,0
BRDA:146,9,0,0
BRDA:146,9,1,0
BRDA:162,10,0,0
BRDA:162,10,1,0
BRDA:179,11,0,0
BRDA:179,11,1,0
BRDA:196,12,0,0
BRDA:196,12,1,0
BRDA:213,13,0,0
BRDA:213,13,1,0
BRDA:225,14,0,0
BRDA:233,15,0,0
BRDA:233,15,1,0
BRDA:244,16,0,0
BRDA:244,16,1,0
BRDA:271,17,0,0
BRDA:271,17,1,0
BRDA:305,18,0,0
BRDA:311,19,0,0
BRDA:311,19,1,0
BRDA:319,20,0,0
BRF:36
BRH:0
end_of_record
TN:
SF:src/services/email.service.ts
FN:10,(anonymous_1)
FN:26,(anonymous_2)
FN:68,(anonymous_3)
FN:98,(anonymous_4)
FN:115,(anonymous_5)
FN:185,(anonymous_6)
FN:269,(anonymous_7)
FNF:7
FNH:0
FNDA:0,(anonymous_1)
FNDA:0,(anonymous_2)
FNDA:0,(anonymous_3)
FNDA:0,(anonymous_4)
FNDA:0,(anonymous_5)
FNDA:0,(anonymous_6)
FNDA:0,(anonymous_7)
DA:1,1
DA:2,1
DA:3,1
DA:4,1
DA:7,1
DA:8,1
DA:11,0
DA:13,0
DA:14,0
DA:17,0
DA:18,0
DA:21,0
DA:22,0
DA:23,0
DA:27,0
DA:28,0
DA:31,0
DA:32,0
DA:38,0
DA:41,0
DA:52,0
DA:53,0
DA:57,0
DA:59,0
DA:64,0
DA:74,0
DA:76,0
DA:77,0
DA:80,0
DA:81,0
DA:83,0
DA:89,0
DA:94,0
DA:99,0
DA:100,0
DA:102,0
DA:103,0
DA:104,0
DA:105,0
DA:107,0
DA:111,0
DA:112,0
DA:125,0
DA:126,0
DA:182,0
DA:195,0
DA:196,0
DA:266,0
DA:276,0
DA:277,0
DA:347,0
LF:51
LH:6
BRDA:11,0,0,0
BRDA:13,1,0,0
BRDA:31,2,0,0
BRDA:60,3,0,0
BRDA:60,3,1,0
BRDA:90,4,0,0
BRDA:90,4,1,0
BRDA:104,5,0,0
BRDA:104,5,1,0
BRDA:230,6,0,0
BRDA:230,6,1,0
BRDA:312,7,0,0
BRDA:312,7,1,0
BRF:13
BRH:0
end_of_record
TN:
SF:src/services/notification.service.ts
FN:29,(anonymous_1)
FN:113,(anonymous_2)
FN:219,(anonymous_3)
FN:226,(anonymous_4)
FN:236,(anonymous_5)
FN:247,(anonymous_6)
FN:258,(anonymous_7)
FN:265,(anonymous_8)
FN:274,(anonymous_9)
FN:284,(anonymous_10)
FN:307,(anonymous_11)
FN:329,(anonymous_12)
FN:350,(anonymous_13)
FN:370,(anonymous_14)
FN:395,(anonymous_15)
FN:417,(anonymous_16)
FN:441,(anonymous_17)
FN:459,(anonymous_18)
FN:482,(anonymous_19)
FN:496,(anonymous_20)
FN:512,(anonymous_21)
FN:533,(anonymous_22)
FN:551,(anonymous_23)
FN:568,(anonymous_24)
FN:582,(anonymous_25)
FNF:25
FNH:0
FNDA:0,(anonymous_1)
FNDA:0,(anonymous_2)
FNDA:0,(anonymous_3)
FNDA:0,(anonymous_4)
FNDA:0,(anonymous_5)
FNDA:0,(anonymous_6)
FNDA:0,(anonymous_7)
FNDA:0,(anonymous_8)
FNDA:0,(anonymous_9)
FNDA:0,(anonymous_10)
FNDA:0,(anonymous_11)
FNDA:0,(anonymous_12)
FNDA:0,(anonymous_13)
FNDA:0,(anonymous_14)
FNDA:0,(anonymous_15)
FNDA:0,(anonymous_16)
FNDA:0,(anonymous_17)
FNDA:0,(anonymous_18)
FNDA:0,(anonymous_19)
FNDA:0,(anonymous_20)
FNDA:0,(anonymous_21)
FNDA:0,(anonymous_22)
FNDA:0,(anonymous_23)
FNDA:0,(anonymous_24)
FNDA:0,(anonymous_25)
DA:1,1
DA:2,1
DA:3,1
DA:4,1
DA:5,1
DA:6,1
DA:7,1
DA:8,1
DA:25,1
DA:32,0
DA:34,0
DA:35,0
DA:37,0
DA:41,0
DA:42,0
DA:48,0
DA:49,0
DA:54,0
DA:62,0
DA:63,0
DA:65,0
DA:66,0
DA:79,0
DA:82,0
DA:83,0
DA:85,0
DA:89,0
DA:96,0
DA:102,0
DA:106,0
DA:114,0
DA:115,0
DA:123,0
DA:127,0
DA:128,0
DA:132,0
DA:136,0
DA:150,0
DA:153,0
DA:154,0
DA:156,0
DA:158,0
DA:163,0
DA:165,0
DA:170,0
DA:172,0
DA:177,0
DA:179,0
DA:180,0
DA:184,0
DA:185,0
DA:189,0
DA:194,0
DA:199,0
DA:206,0
DA:208,0
DA:212,0
DA:220,0
DA:230,0
DA:241,0
DA:252,0
DA:259,0
DA:268,0
DA:278,0
DA:287,0
DA:289,0
DA:290,0
DA:291,0
DA:292,0
DA:294,0
DA:302,0
DA:308,0
DA:311,0
DA:315,0
DA:317,0
DA:319,0
DA:325,0
DA:334,0
DA:335,0
DA:336,0
DA:339,0
DA:341,0
DA:342,0
DA:343,0
DA:347,0
DA:355,0
DA:357,0
DA:358,0
DA:360,0
DA:361,0
DA:363,0
DA:364,0
DA:366,0
DA:374,0
DA:380,0
DA:383,0
DA:385,0
DA:389,0
DA:391,0
DA:399,0
DA:405,0
DA:408,0
DA:411,0
DA:413,0
DA:421,0
DA:427,0
DA:430,0
DA:432,0
DA:435,0
DA:437,0
DA:447,0
DA:449,0
DA:451,0
DA:453,0
DA:455,0
DA:463,0
DA:465,0
DA:466,0
DA:469,0
DA:470,0
DA:472,0
DA:474,0
DA:478,0
DA:487,0
DA:493,0
DA:502,0
DA:504,0
DA:509,0
DA:518,0
DA:520,0
DA:527,0
DA:543,0
DA:560,0
DA:574,0
DA:588,0
LF:135
LH:9
BRDA:35,0,0,0
BRDA:41,1,0,0
BRDA:41,1,1,0
BRDA:48,2,0,0
BRDA:63,3,0,0
BRDA:63,3,1,0
BRDA:82,4,0,0
BRDA:82,4,1,0
BRDA:82,5,0,0
BRDA:82,5,1,0
BRDA:103,6,0,0
BRDA:103,6,1,0
BRDA:127,7,0,0
BRDA:156,8,0,0
BRDA:156,8,1,0
BRDA:156,8,2,0
BRDA:156,8,3,0
BRDA:184,9,0,0
BRDA:184,9,1,0
BRDA:197,10,0,0
BRDA:197,10,1,0
BRDA:210,11,0,0
BRDA:210,11,1,0
BRDA:238,12,0,0
BRDA:239,13,0,0
BRDA:297,14,0,0
BRDA:297,14,1,0
BRDA:308,15,0,0
BRDA:308,15,1,0
BRDA:308,15,2,0
BRDA:308,15,3,0
BRDA:308,15,4,0
BRDA:308,15,5,0
BRDA:308,15,6,0
BRDA:308,15,7,0
BRDA:335,16,0,0
BRDA:342,17,0,0
BRDA:355,18,0,0
BRDA:355,18,1,0
BRDA:355,18,2,0
BRDA:355,18,3,0
BRDA:357,19,0,0
BRDA:360,20,0,0
BRDA:363,21,0,0
BRDA:374,22,0,0
BRDA:374,22,1,0
BRDA:374,22,2,0
BRDA:374,22,3,0
BRDA:374,22,4,0
BRDA:374,22,5,0
BRDA:374,22,6,0
BRDA:374,22,7,0
BRDA:374,22,8,0
BRDA:374,22,9,0
BRDA:374,22,10,0
BRDA:374,22,11,0
BRDA:399,23,0,0
BRDA:399,23,1,0
BRDA:399,23,2,0
BRDA:399,23,3,0
BRDA:399,23,4,0
BRDA:399,23,5,0
BRDA:399,23,6,0
BRDA:399,23,7,0
BRDA:399,23,8,0
BRDA:399,23,9,0
BRDA:421,24,0,0
BRDA:421,24,1,0
BRDA:421,24,2,0
BRDA:421,24,3,0
BRDA:421,24,4,0
BRDA:421,24,5,0
BRDA:421,24,6,0
BRDA:421,24,7,0
BRDA:421,24,8,0
BRDA:421,24,9,0
BRDA:421,24,10,0
BRDA:447,25,0,0
BRDA:447,25,1,0
BRDA:447,25,2,0
BRDA:447,25,3,0
BRDA:476,26,0,0
BRDA:476,26,1,0
BRF:83
BRH:0
end_of_record
TN:
SF:src/services/push.service.ts
FN:9,(anonymous_10)
FN:43,(anonymous_11)
FN:112,(anonymous_12)
FN:135,(anonymous_13)
FN:163,(anonymous_14)
FN:187,(anonymous_15)
FN:208,(anonymous_16)
FN:229,(anonymous_17)
FN:256,(anonymous_18)
FN:280,(anonymous_19)
FN:307,(anonymous_20)
FN:334,(anonymous_21)
FNF:12
FNH:0
FNDA:0,(anonymous_10)
FNDA:0,(anonymous_11)
FNDA:0,(anonymous_12)
FNDA:0,(anonymous_13)
FNDA:0,(anonymous_14)
FNDA:0,(anonymous_15)
FNDA:0,(anonymous_16)
FNDA:0,(anonymous_17)
FNDA:0,(anonymous_18)
FNDA:0,(anonymous_19)
FNDA:0,(anonymous_20)
FNDA:0,(anonymous_21)
DA:1,1
DA:2,1
DA:3,1
DA:6,1
DA:7,1
DA:10,0
DA:12,0
DA:13,0
DA:16,0
DA:17,0
DA:20,0
DA:22,0
DA:23,0
DA:33,0
DA:34,0
DA:36,0
DA:39,0
DA:44,0
DA:45,0
DA:48,0
DA:49,0
DA:54,0
DA:57,0
DA:67,0
DA:69,0
DA:70,0
DA:72,0
DA:73,0
DA:74,0
DA:79,0
DA:81,0
DA:82,0
DA:86,0
DA:92,0
DA:95,0
DA:97,0
DA:101,0
DA:104,0
DA:108,0
DA:115,0
DA:116,0
DA:118,0
DA:119,0
DA:120,0
DA:121,0
DA:123,0
DA:127,0
DA:132,0
DA:145,0
DA:146,0
DA:150,0
DA:171,0
DA:172,0
DA:174,0
DA:193,0
DA:194,0
DA:196,0
DA:217,0
DA:238,0
DA:239,0
DA:243,0
DA:264,0
DA:265,0
DA:267,0
DA:281,0
DA:282,0
DA:284,0
DA:285,0
DA:286,0
DA:289,0
DA:291,0
DA:297,0
DA:299,0
DA:303,0
DA:308,0
DA:309,0
DA:311,0
DA:312,0
DA:313,0
DA:316,0
DA:318,0
DA:324,0
DA:326,0
DA:330,0
DA:335,0
DA:336,0
DA:338,0
DA:339,0
DA:343,0
DA:354,0
DA:356,0
DA:357,0
LF:92
LH:5
BRDA:10,0,0,0
BRDA:12,1,0,0
BRDA:12,2,0,0
BRDA:12,2,1,0
BRDA:22,3,0,0
BRDA:37,4,0,0
BRDA:37,4,1,0
BRDA:48,5,0,0
BRDA:50,6,0,0
BRDA:50,6,1,0
BRDA:63,7,0,0
BRDA:63,7,1,0
BRDA:64,8,0,0
BRDA:64,8,1,0
BRDA:67,9,0,0
BRDA:67,9,1,0
BRDA:105,10,0,0
BRDA:105,10,1,0
BRDA:120,11,0,0
BRDA:120,11,1,0
BRDA:146,12,0,0
BRDA:146,12,1,0
BRDA:223,13,0,0
BRDA:223,13,1,0
BRDA:225,14,0,0
BRDA:225,14,1,0
BRDA:238,15,0,0
BRDA:238,15,1,0
BRDA:239,16,0,0
BRDA:239,16,1,0
BRDA:250,17,0,0
BRDA:250,17,1,0
BRDA:284,18,0,0
BRDA:300,19,0,0
BRDA:300,19,1,0
BRDA:311,20,0,0
BRDA:327,21,0,0
BRDA:327,21,1,0
BRDA:338,22,0,0
BRF:39
BRH:0
end_of_record
TN:
SF:src/services/queue.service.ts
FN:16,(anonymous_10)
FN:75,(anonymous_11)
FN:115,(anonymous_12)
FN:153,(anonymous_13)
FN:170,(anonymous_14)
FN:199,(anonymous_15)
FN:239,(anonymous_16)
FN:275,(anonymous_17)
FN:300,(anonymous_18)
FN:320,(anonymous_19)
FN:340,(anonymous_20)
FN:349,(anonymous_21)
FN:358,(anonymous_22)
FN:361,(anonymous_23)
FN:369,(anonymous_24)
FN:384,(anonymous_25)
FN:391,(anonymous_26)
FN:399,(anonymous_27)
FN:404,(anonymous_28)
FN:419,(anonymous_29)
FN:424,(anonymous_30)
FN:434,(anonymous_31)
FN:449,(anonymous_32)
FN:476,(anonymous_33)
FN:485,(anonymous_34)
FN:497,(anonymous_35)
FN:523,(anonymous_36)
FN:551,(anonymous_37)
FN:557,(anonymous_38)
FNF:29
FNH:3
FNDA:2,(anonymous_10)
FNDA:0,(anonymous_11)
FNDA:0,(anonymous_12)
FNDA:0,(anonymous_13)
FNDA:0,(anonymous_14)
FNDA:0,(anonymous_15)
FNDA:0,(anonymous_16)
FNDA:0,(anonymous_17)
FNDA:0,(anonymous_18)
FNDA:0,(anonymous_19)
FNDA:1,(anonymous_20)
FNDA:0,(anonymous_21)
FNDA:1,(anonymous_22)
FNDA:0,(anonymous_23)
FNDA:0,(anonymous_24)
FNDA:0,(anonymous_25)
FNDA:0,(anonymous_26)
FNDA:0,(anonymous_27)
FNDA:0,(anonymous_28)
FNDA:0,(anonymous_29)
FNDA:0,(anonymous_30)
FNDA:0,(anonymous_31)
FNDA:0,(anonymous_32)
FNDA:0,(anonymous_33)
FNDA:0,(anonymous_34)
FNDA:0,(anonymous_35)
FNDA:0,(anonymous_36)
FNDA:0,(anonymous_37)
FNDA:0,(anonymous_38)
DA:1,1
DA:2,1
DA:3,1
DA:4,1
DA:5,1
DA:7,1
DA:8,1
DA:9,1
DA:10,1
DA:11,1
DA:17,2
DA:19,1
DA:21,1
DA:30,1
DA:48,1
DA:60,1
DA:61,1
DA:63,1
DA:65,0
DA:68,0
DA:76,0
DA:78,0
DA:79,0
DA:81,0
DA:82,0
DA:85,0
DA:86,0
DA:88,0
DA:95,0
DA:102,0
DA:108,0
DA:119,0
DA:121,0
DA:122,0
DA:123,0
DA:126,0
DA:127,0
DA:128,0
DA:130,0
DA:137,0
DA:143,0
DA:154,0
DA:156,0
DA:157,0
DA:158,0
DA:159,0
DA:161,0
DA:164,0
DA:165,0
DA:167,0
DA:168,0
DA:170,0
DA:180,0
DA:183,0
DA:189,0
DA:206,0
DA:208,0
DA:209,0
DA:212,0
DA:213,0
DA:221,0
DA:229,0
DA:232,0
DA:240,0
DA:242,0
DA:243,0
DA:246,0
DA:247,0
DA:248,0
DA:250,0
DA:251,0
DA:252,0
DA:253,0
DA:254,0
DA:256,0
DA:263,0
DA:265,0
DA:268,0
DA:276,0
DA:278,0
DA:279,0
DA:282,0
DA:284,0
DA:286,0
DA:287,0
DA:289,0
DA:291,0
DA:301,0
DA:303,0
DA:304,0
DA:307,0
DA:308,0
DA:309,0
DA:311,0
DA:321,0
DA:323,0
DA:324,0
DA:327,0
DA:328,0
DA:329,0
DA:331,0
DA:341,1
DA:343,1
DA:344,0
DA:345,0
DA:349,1
DA:350,0
DA:353,1
DA:359,1
DA:361,1
DA:362,0
DA:369,1
DA:370,0
DA:379,0
DA:380,0
DA:384,1
DA:385,0
DA:391,1
DA:392,0
DA:400,0
DA:402,0
DA:404,0
DA:405,0
DA:407,0
DA:408,0
DA:411,0
DA:413,0
DA:422,0
DA:424,0
DA:425,0
DA:427,0
DA:435,0
DA:437,0
DA:439,0
DA:441,0
DA:443,0
DA:445,0
DA:450,0
DA:452,0
DA:453,0
DA:461,0
DA:466,0
DA:477,0
DA:479,0
DA:480,0
DA:483,0
DA:484,0
DA:485,0
DA:487,0
DA:490,0
DA:498,0
DA:499,0
DA:501,0
DA:502,0
DA:506,0
DA:509,0
DA:511,0
DA:513,0
DA:524,0
DA:525,0
DA:526,0
DA:529,0
DA:530,0
DA:533,0
DA:534,0
DA:537,0
DA:539,0
DA:547,1
DA:548,1
DA:551,1
DA:552,0
DA:553,0
DA:554,0
DA:557,1
DA:558,0
DA:559,0
DA:560,0
LF:177
LH:31
BRDA:17,0,0,1
BRDA:22,1,0,1
BRDA:22,1,1,1
BRDA:23,2,0,1
BRDA:23,2,1,1
BRDA:66,3,0,0
BRDA:66,3,1,0
BRDA:78,4,0,0
BRDA:104,5,0,0
BRDA:104,5,1,0
BRDA:121,6,0,0
BRDA:145,7,0,0
BRDA:145,7,1,0
BRDA:156,8,0,0
BRDA:190,9,0,0
BRDA:190,9,1,0
BRDA:208,10,0,0
BRDA:230,11,0,0
BRDA:230,11,1,0
BRDA:239,12,0,0
BRDA:242,13,0,0
BRDA:258,14,0,0
BRDA:258,14,1,0
BRDA:266,15,0,0
BRDA:266,15,1,0
BRDA:278,16,0,0
BRDA:292,17,0,0
BRDA:292,17,1,0
BRDA:303,18,0,0
BRDA:312,19,0,0
BRDA:312,19,1,0
BRDA:323,20,0,0
BRDA:332,21,0,0
BRDA:332,21,1,0
BRDA:343,22,0,0
BRDA:359,23,0,0
BRDA:379,24,0,0
BRDA:379,25,0,0
BRDA:379,25,1,0
BRDA:407,26,0,0
BRDA:414,27,0,0
BRDA:414,27,1,0
BRDA:429,28,0,0
BRDA:429,28,1,0
BRDA:435,29,0,0
BRDA:435,29,1,0
BRDA:435,29,2,0
BRDA:435,29,3,0
BRDA:435,29,4,0
BRDA:450,30,0,0
BRDA:468,31,0,0
BRDA:468,31,1,0
BRDA:476,32,0,0
BRDA:479,33,0,0
BRDA:488,34,0,0
BRDA:488,34,1,0
BRDA:501,35,0,0
BRDA:501,36,0,0
BRDA:501,36,1,0
BRDA:515,37,0,0
BRDA:515,37,1,0
BRDA:525,38,0,0
BRDA:529,39,0,0
BRDA:533,40,0,0
BRDA:540,41,0,0
BRDA:540,41,1,0
BRF:66
BRH:5
end_of_record
TN:
SF:src/services/sms.service.ts
FN:10,(anonymous_1)
FN:26,(anonymous_2)
FN:64,(anonymous_3)
FN:81,(anonymous_4)
FN:95,(anonymous_5)
FN:108,(anonymous_6)
FN:114,(anonymous_7)
FN:130,(anonymous_8)
FN:144,(anonymous_9)
FN:157,(anonymous_10)
FN:179,(anonymous_11)
FNF:11
FNH:0
FNDA:0,(anonymous_1)
FNDA:0,(anonymous_2)
FNDA:0,(anonymous_3)
FNDA:0,(anonymous_4)
FNDA:0,(anonymous_5)
FNDA:0,(anonymous_6)
FNDA:0,(anonymous_7)
FNDA:0,(anonymous_8)
FNDA:0,(anonymous_9)
FNDA:0,(anonymous_10)
FNDA:0,(anonymous_11)
DA:1,1
DA:2,1
DA:3,1
DA:6,1
DA:7,1
DA:8,1
DA:11,0
DA:13,0
DA:14,0
DA:17,0
DA:18,0
DA:21,0
DA:22,0
DA:23,0
DA:27,0
DA:28,0
DA:31,0
DA:32,0
DA:36,0
DA:39,0
DA:40,0
DA:41,0
DA:44,0
DA:50,0
DA:54,0
DA:56,0
DA:60,0
DA:65,0
DA:66,0
DA:68,0
DA:69,0
DA:70,0
DA:71,0
DA:73,0
DA:77,0
DA:78,0
DA:90,0
DA:92,0
DA:103,0
DA:105,0
DA:109,0
DA:111,0
DA:122,0
DA:123,0
DA:125,0
DA:127,0
DA:138,0
DA:139,0
DA:141,0
DA:152,0
DA:154,0
DA:159,0
DA:162,0
DA:163,0
DA:167,0
DA:168,0
DA:172,0
DA:173,0
DA:176,0
DA:181,0
DA:182,0
LF:61
LH:6
BRDA:11,0,0,0
BRDA:13,1,0,0
BRDA:13,2,0,0
BRDA:13,2,1,0
BRDA:31,3,0,0
BRDA:39,4,0,0
BRDA:57,5,0,0
BRDA:57,5,1,0
BRDA:70,6,0,0
BRDA:70,6,1,0
BRDA:108,7,0,0
BRDA:122,8,0,0
BRDA:122,8,1,0
BRDA:123,9,0,0
BRDA:123,9,1,0
BRDA:138,10,0,0
BRDA:138,10,1,0
BRDA:162,11,0,0
BRDA:162,12,0,0
BRDA:162,12,1,0
BRDA:162,12,2,0
BRDA:167,13,0,0
BRDA:167,14,0,0
BRDA:167,14,1,0
BRDA:172,15,0,0
BRF:25
BRH:0
end_of_record
TN:
SF:src/types/notification.types.ts
FN:117,(anonymous_0)
FN:136,(anonymous_1)
FN:142,(anonymous_2)
FN:150,(anonymous_3)
FNF:4
FNH:4
FNDA:1,(anonymous_0)
FNDA:1,(anonymous_1)
FNDA:1,(anonymous_2)
FNDA:1,(anonymous_3)
DA:117,1
DA:118,1
DA:119,1
DA:120,1
DA:121,1
DA:122,1
DA:123,1
DA:124,1
DA:125,1
DA:126,1
DA:127,1
DA:128,1
DA:129,1
DA:130,1
DA:131,1
DA:132,1
DA:133,1
DA:136,1
DA:137,1
DA:138,1
DA:139,1
DA:142,1
DA:143,1
DA:144,1
DA:145,1
DA:146,1
DA:147,1
DA:150,1
DA:151,1
DA:152,1
DA:153,1
DA:154,1
LF:32
LH:32
BRDA:117,0,0,1
BRDA:117,0,1,1
BRDA:136,1,0,1
BRDA:136,1,1,1
BRDA:142,2,0,1
BRDA:142,2,1,1
BRDA:150,3,0,1
BRDA:150,3,1,1
BRF:8
BRH:8
end_of_record
TN:
SF:src/utils/errorResponse.ts
FN:7,(anonymous_0)
FNF:1
FNH:0
FNDA:0,(anonymous_0)
DA:4,1
DA:8,0
DA:9,0
DA:12,0
LF:4
LH:1
BRF:0
BRH:0
end_of_record
TN:
SF:src/utils/logger.ts
FNF:0
FNH:0
DA:1,1
DA:3,1
DA:18,1
LF:3
LH:3
BRDA:4,0,0,1
BRDA:4,0,1,1
BRF:2
BRH:2
end_of_record
